2014-10-06 13:10:25.818 CordovaBaby[79134:1595158] DiskCookieStorage changing policy from 2 to 0, cookie file: file:///Users/dradcliffe/Library/Developer/CoreSimulator/Devices/7BE119C8-184C-4510-A7DD-C9ED5289D48C/data/Containers/Data/Application/CEAECD11-99AB-4B2F-9C49-D0B8706B205C/Library/Cookies/Cookies.binarycookies
2014-10-06 13:10:25.887 CordovaBaby[79134:1595158] Apache Cordova native platform version 3.6.3 is starting.
2014-10-06 13:10:25.888 CordovaBaby[79134:1595158] Multi-tasking -> Device: YES, App: YES
2014-10-06 13:10:25.893 CordovaBaby[79134:1595158] Unlimited access to network resources
2014-10-06 13:10:25.895 CordovaBaby[79134:1595158] 

Started backup to iCloud! Please be careful.
Your application might be rejected by Apple if you store too much data.
For more information please read "iOS Data Storage Guidelines" at:
https://developer.apple.com/icloud/documentation/data-storage/

2014-10-06 13:10:26.253 CordovaBaby[79134:1595158] Resetting plugins due to page load.
2014-10-06 13:10:26.304 CordovaBaby[79134:1595158] Finished load of: file:///Users/dradcliffe/Library/Developer/CoreSimulator/Devices/7BE119C8-184C-4510-A7DD-C9ED5289D48C/data/Containers/Bundle/Application/19E3A95E-D21C-4A3A-99F5-E393ED4380E2/CordovaBaby.app/www/index.html
2014-10-06 13:10:26.320 CordovaBaby[79134:1595158] Received Event: deviceready
2014-10-06 13:19:33.968 CordovaBaby[79421:1599991] DiskCookieStorage changing policy from 2 to 0, cookie file: file:///Users/dradcliffe/Library/Developer/CoreSimulator/Devices/7BE119C8-184C-4510-A7DD-C9ED5289D48C/data/Containers/Data/Application/774A894B-6529-4590-9740-B350AF08B8CF/Library/Cookies/Cookies.binarycookies
2014-10-06 13:19:34.009 CordovaBaby[79421:1599991] Apache Cordova native platform version 3.6.3 is starting.
2014-10-06 13:19:34.009 CordovaBaby[79421:1599991] Multi-tasking -> Device: YES, App: YES
2014-10-06 13:19:34.014 CordovaBaby[79421:1599991] Unlimited access to network resources
2014-10-06 13:19:34.016 CordovaBaby[79421:1599991] 

Started backup to iCloud! Please be careful.
Your application might be rejected by Apple if you store too much data.
For more information please read "iOS Data Storage Guidelines" at:
https://developer.apple.com/icloud/documentation/data-storage/

2014-10-06 13:19:34.178 CordovaBaby[79421:1599991] Resetting plugins due to page load.
2014-10-06 13:19:34.226 CordovaBaby[79421:1599991] Finished load of: file:///Users/dradcliffe/Library/Developer/CoreSimulator/Devices/7BE119C8-184C-4510-A7DD-C9ED5289D48C/data/Containers/Bundle/Application/5C232765-7836-4652-ABA5-563AB8BCAD5D/CordovaBaby.app/www/index.html
2014-10-06 13:20:45.436 CordovaBaby[79613:1601419] DiskCookieStorage changing policy from 2 to 0, cookie file: file:///Users/dradcliffe/Library/Developer/CoreSimulator/Devices/7BE119C8-184C-4510-A7DD-C9ED5289D48C/data/Containers/Data/Application/A956C292-7C73-407A-B1CB-33DDE646367B/Library/Cookies/Cookies.binarycookies
2014-10-06 13:20:45.510 CordovaBaby[79613:1601419] Apache Cordova native platform version 3.6.3 is starting.
2014-10-06 13:20:45.510 CordovaBaby[79613:1601419] Multi-tasking -> Device: YES, App: YES
2014-10-06 13:20:45.516 CordovaBaby[79613:1601419] Unlimited access to network resources
2014-10-06 13:20:45.517 CordovaBaby[79613:1601419] 

Started backup to iCloud! Please be careful.
Your application might be rejected by Apple if you store too much data.
For more information please read "iOS Data Storage Guidelines" at:
https://developer.apple.com/icloud/documentation/data-storage/

2014-10-06 13:20:45.655 CordovaBaby[79613:1601419] Resetting plugins due to page load.
2014-10-06 13:20:45.701 CordovaBaby[79613:1601419] Finished load of: file:///Users/dradcliffe/Library/Developer/CoreSimulator/Devices/7BE119C8-184C-4510-A7DD-C9ED5289D48C/data/Containers/Bundle/Application/F8FF6DEB-B42C-4AE7-A375-ABE969D2B541/CordovaBaby.app/www/index.html
2014-10-06 13:22:23.105 CordovaBaby[79809:1602910] DiskCookieStorage changing policy from 2 to 0, cookie file: file:///Users/dradcliffe/Library/Developer/CoreSimulator/Devices/7BE119C8-184C-4510-A7DD-C9ED5289D48C/data/Containers/Data/Application/8A1B0898-358B-4A28-994B-C13C3EA4D4C3/Library/Cookies/Cookies.binarycookies
2014-10-06 13:22:23.153 CordovaBaby[79809:1602910] Apache Cordova native platform version 3.6.3 is starting.
2014-10-06 13:22:23.153 CordovaBaby[79809:1602910] Multi-tasking -> Device: YES, App: YES
2014-10-06 13:22:23.158 CordovaBaby[79809:1602910] Unlimited access to network resources
2014-10-06 13:22:23.159 CordovaBaby[79809:1602910] 

Started backup to iCloud! Please be careful.
Your application might be rejected by Apple if you store too much data.
For more information please read "iOS Data Storage Guidelines" at:
https://developer.apple.com/icloud/documentation/data-storage/

2014-10-06 13:22:23.305 CordovaBaby[79809:1602910] Resetting plugins due to page load.
2014-10-06 13:22:23.350 CordovaBaby[79809:1602910] Finished load of: file:///Users/dradcliffe/Library/Developer/CoreSimulator/Devices/7BE119C8-184C-4510-A7DD-C9ED5289D48C/data/Containers/Bundle/Application/DF8B4F0B-44BF-4271-A87D-276F3FB1A68F/CordovaBaby.app/www/index.html
2014-10-06 13:22:23.374 CordovaBaby[79809:1602910] DeviceReady: Received Event: deviceready
2014-10-06 13:28:10.536 CordovaBaby[80070:1606439] DiskCookieStorage changing policy from 2 to 0, cookie file: file:///Users/dradcliffe/Library/Developer/CoreSimulator/Devices/7BE119C8-184C-4510-A7DD-C9ED5289D48C/data/Containers/Data/Application/3F3E5606-5D2E-487B-B3ED-B152A2D73614/Library/Cookies/Cookies.binarycookies
2014-10-06 13:28:10.635 CordovaBaby[80070:1606439] Apache Cordova native platform version 3.6.3 is starting.
2014-10-06 13:28:10.636 CordovaBaby[80070:1606439] Multi-tasking -> Device: YES, App: YES
2014-10-06 13:28:10.643 CordovaBaby[80070:1606439] Unlimited access to network resources
2014-10-06 13:28:10.645 CordovaBaby[80070:1606439] 

Started backup to iCloud! Please be careful.
Your application might be rejected by Apple if you store too much data.
For more information please read "iOS Data Storage Guidelines" at:
https://developer.apple.com/icloud/documentation/data-storage/

2014-10-06 13:28:10.792 CordovaBaby[80070:1606439] Resetting plugins due to page load.
2014-10-06 13:28:10.859 CordovaBaby[80070:1606439] Finished load of: file:///Users/dradcliffe/Library/Developer/CoreSimulator/Devices/7BE119C8-184C-4510-A7DD-C9ED5289D48C/data/Containers/Bundle/Application/8D36D037-921E-4C1A-BD4E-49BBCF776551/CordovaBaby.app/www/index.html
